        -:    0:Source:bill.c
        -:    0:Graph:bill.gcno
        -:    0:Data:-
        -:    0:Runs:0
        -:    0:Programs:0
        -:    1:#include<stdio.h>
        -:    2:
    #####:    3:int main()
        -:    4:{
        -:    5:
    #####:    6:float burger,pizza,san,bill=0,bill_b=0,bill_p=0,bill_s=0;
        -:    7:
    #####:    8:printf("Enter the number of burger:");
    #####:    9:scanf("%f",&burger);
        -:   10:
    #####:   11:printf("Enter the number of pizza:");
    #####:   12:scanf("%f",&pizza);
        -:   13:
    #####:   14:printf("Enter the number of san:");
    #####:   15:scanf("%f",&san);
        -:   16:
    #####:   17:if (burger > 5)
        -:   18:{
    #####:   19:bill_b=burger*150*0.9;
        -:   20:}
        -:   21:else
        -:   22:{
    #####:   23:bill_b=burger*150;
        -:   24:}
        -:   25:
        -:   26:
        -:   27:
    #####:   28:if (pizza*300 > 1000 )
        -:   29:{
    #####:   30:bill_p=pizza*300*0.85;
        -:   31:}
        -:   32:else
        -:   33:{
    #####:   34:bill_p=pizza*300;
        -:   35:}
        -:   36:
        -:   37:
        -:   38:
        -:   39:
    #####:   40:if (san*100 > 500)
        -:   41:{
    #####:   42:bill_s=san*100*0.8;
        -:   43:}
        -:   44:else
        -:   45:{
    #####:   46:bill_s=san*100;
        -:   47:}
        -:   48:
        -:   49:
        -:   50:
    #####:   51:bill=bill_p+bill_s+bill_b;
    #####:   52:if(bill==0)
        -:   53:{
    #####:   54:printf("Please buy something!!\n");
        -:   55:}
        -:   56:
        -:   57:
    #####:   58:bill=bill*1.12;
        -:   59:
    #####:   60:printf("The bill is %f\n",bill);
        -:   61:
        -:   62:}
