        -:    0:Source:bill.c
        -:    0:Graph:bill.gcno
        -:    0:Data:bill.gcda
        -:    0:Runs:1
        -:    0:Programs:1
        -:    1:#include<stdio.h>
        -:    2:
        1:    3:int main()
        -:    4:{
        -:    5:
        1:    6:float burger,pizza,san,bill=0,bill_b=0,bill_p=0,bill_s=0;
        -:    7:
        1:    8:printf("Enter the number of burger:");
        1:    9:scanf("%f",&burger);
        -:   10:
        1:   11:printf("Enter the number of pizza:");
        1:   12:scanf("%f",&pizza);
        -:   13:
        1:   14:printf("Enter the number of san:");
        1:   15:scanf("%f",&san);
        -:   16:
        1:   17:if (burger > 5)
        -:   18:{
    #####:   19:bill_b=burger*150*0.9;
        -:   20:}
        -:   21:else
        -:   22:{
        1:   23:bill_b=burger*150;
        -:   24:}
        -:   25:
        -:   26:
        -:   27:
        1:   28:if (pizza*300 > 1000 )
        -:   29:{
    #####:   30:bill_p=pizza*300*0.85;
        -:   31:}
        -:   32:else
        -:   33:{
        1:   34:bill_p=pizza*300;
        -:   35:}
        -:   36:
        -:   37:
        -:   38:
        -:   39:
        1:   40:if (san*100 > 500)
        -:   41:{
    #####:   42:bill_s=san*100*0.8;
        -:   43:}
        -:   44:else
        -:   45:{
        1:   46:bill_s=san*100;
        -:   47:}
        -:   48:
        -:   49:
        -:   50:
        1:   51:bill=bill_p+bill_s+bill_b;
        1:   52:if(bill==0)
        -:   53:{
    #####:   54:printf("Please buy something!!\n");
        -:   55:}
        -:   56:
        -:   57:
        1:   58:bill=bill*1.12;
        -:   59:
        1:   60:printf("The bill is %f\n",bill);
        -:   61:
        -:   62:}
